<?xml version="1.0" encoding="UTF-8"?>
<testng-results skipped="0" failed="1" ignored="0" total="1" passed="0">
  <reporter-output>
  </reporter-output>
  <suite name="Default suite" duration-ms="11948" started-at="2020-10-05T16:58:38 IST" finished-at="2020-10-05T16:58:50 IST">
    <groups>
    </groups>
    <test name="Default test" duration-ms="11948" started-at="2020-10-05T16:58:38 IST" finished-at="2020-10-05T16:58:50 IST">
      <class name="com.avinash.Basic_Tactoc_Test">
        <test-method status="PASS" signature="BeforeTest()[pri:0, instance:com.avinash.Basic_Tactoc_Test@69a3d1d]" name="BeforeTest" is-config="true" duration-ms="10359" started-at="2020-10-05T16:58:38 IST" finished-at="2020-10-05T16:58:49 IST">
          <reporter-output>
          </reporter-output>
        </test-method> <!-- BeforeTest -->
        <test-method status="FAIL" signature="BasicTactoc()[pri:0, instance:com.avinash.Basic_Tactoc_Test@69a3d1d]" name="BasicTactoc" duration-ms="23" started-at="2020-10-05T16:58:49 IST" finished-at="2020-10-05T16:58:49 IST">
          <exception class="java.lang.RuntimeException">
            <message>
              <![CDATA[java.lang.reflect.InvocationTargetException]]>
            </message>
            <full-stacktrace>
              <![CDATA[java.lang.RuntimeException: java.lang.reflect.InvocationTargetException
at org.openqa.selenium.support.PageFactory.instantiatePage(PageFactory.java:131)
at org.openqa.selenium.support.PageFactory.initElements(PageFactory.java:63)
at com.avinash.Basic_Tactoc_Test.BasicTactoc(Basic_Tactoc_Test.java:27)
at sun.reflect.NativeMethodAccessorImpl.invoke0(Native Method)
at sun.reflect.NativeMethodAccessorImpl.invoke(Unknown Source)
at sun.reflect.DelegatingMethodAccessorImpl.invoke(Unknown Source)
at java.lang.reflect.Method.invoke(Unknown Source)
at org.testng.internal.MethodInvocationHelper.invokeMethod(MethodInvocationHelper.java:132)
at org.testng.internal.TestInvoker.invokeMethod(TestInvoker.java:599)
at org.testng.internal.TestInvoker.invokeTestMethod(TestInvoker.java:174)
at org.testng.internal.MethodRunner.runInSequence(MethodRunner.java:46)
at org.testng.internal.TestInvoker$MethodInvocationAgent.invoke(TestInvoker.java:822)
at org.testng.internal.TestInvoker.invokeTestMethods(TestInvoker.java:147)
at org.testng.internal.TestMethodWorker.invokeTestMethods(TestMethodWorker.java:146)
at org.testng.internal.TestMethodWorker.run(TestMethodWorker.java:128)
at java.util.ArrayList.forEach(Unknown Source)
at org.testng.TestRunner.privateRun(TestRunner.java:764)
at org.testng.TestRunner.run(TestRunner.java:585)
at org.testng.SuiteRunner.runTest(SuiteRunner.java:384)
at org.testng.SuiteRunner.runSequentially(SuiteRunner.java:378)
at org.testng.SuiteRunner.privateRun(SuiteRunner.java:337)
at org.testng.SuiteRunner.run(SuiteRunner.java:286)
at org.testng.SuiteRunnerWorker.runSuite(SuiteRunnerWorker.java:53)
at org.testng.SuiteRunnerWorker.run(SuiteRunnerWorker.java:96)
at org.testng.TestNG.runSuitesSequentially(TestNG.java:1218)
at org.testng.TestNG.runSuitesLocally(TestNG.java:1140)
at org.testng.TestNG.runSuites(TestNG.java:1069)
at org.testng.TestNG.run(TestNG.java:1037)
at org.testng.remote.AbstractRemoteTestNG.run(AbstractRemoteTestNG.java:115)
at org.testng.remote.RemoteTestNG.initAndRun(RemoteTestNG.java:251)
at org.testng.remote.RemoteTestNG.main(RemoteTestNG.java:77)
Caused by: java.lang.reflect.InvocationTargetException
at sun.reflect.NativeConstructorAccessorImpl.newInstance0(Native Method)
at sun.reflect.NativeConstructorAccessorImpl.newInstance(Unknown Source)
at sun.reflect.DelegatingConstructorAccessorImpl.newInstance(Unknown Source)
at java.lang.reflect.Constructor.newInstance(Unknown Source)
at org.openqa.selenium.support.PageFactory.instantiatePage(PageFactory.java:126)
... 30 more
Caused by: java.lang.IllegalArgumentException: Cannot find elements when the link text is null.
at org.openqa.selenium.By$ByLinkText.<init>(By.java:220)
at org.openqa.selenium.By.linkText(By.java:66)
at com.avinash.Pages.HomePage.<init>(HomePage.java:16)
... 35 more
]]>
            </full-stacktrace>
          </exception> <!-- java.lang.RuntimeException -->
          <reporter-output>
          </reporter-output>
        </test-method> <!-- BasicTactoc -->
        <test-method status="PASS" signature="AfterTest()[pri:0, instance:com.avinash.Basic_Tactoc_Test@69a3d1d]" name="AfterTest" is-config="true" duration-ms="1495" started-at="2020-10-05T16:58:49 IST" finished-at="2020-10-05T16:58:50 IST">
          <reporter-output>
          </reporter-output>
        </test-method> <!-- AfterTest -->
      </class> <!-- com.avinash.Basic_Tactoc_Test -->
    </test> <!-- Default test -->
  </suite> <!-- Default suite -->
</testng-results>
